生成启动时间为 2020/11/27 14:19:40。
     1>项目“D:\C语言\11-26\11-26\11-26.vcxproj”在节点 2 上(Build 个目标)。
     1>ClCompile:
         D:\Program Files (x86)\Microsoft Visual Studio 12.0\VC\bin\CL.exe /c /ZI /nologo /W3 /WX- /sdl /Od /Oy- /D _MBCS /Gm /EHsc /RTC1 /MDd /GS /fp:precise /Zc:wchar_t /Zc:forScope /Fo"Debug\\" /Fd"Debug\vc120.pdb" /Gd /TP /analyze- /errorReport:prompt test.cpp
         test.cpp
       Link:
         D:\Program Files (x86)\Microsoft Visual Studio 12.0\VC\bin\link.exe /ERRORREPORT:PROMPT /OUT:"D:\C语言\11-26\Debug\11-26.exe" /INCREMENTAL /NOLOGO kernel32.lib user32.lib gdi32.lib winspool.lib comdlg32.lib advapi32.lib shell32.lib ole32.lib oleaut32.lib uuid.lib odbc32.lib odbccp32.lib /MANIFEST /MANIFESTUAC:"level='asInvoker' uiAccess='false'" /manifest:embed /DEBUG /PDB:"D:\C语言\11-26\Debug\11-26.pdb" /TLBID:1 /DYNAMICBASE /NXCOMPAT /IMPLIB:"D:\C语言\11-26\Debug\11-26.lib" /MACHINE:X86 Debug\test.obj
     1>test.obj : error LNK2019: 无法解析的外部符号 "int __cdecl MoreThanHalfNum_Solution(class std::vector<int,class std::allocator<int> >)" (?MoreThanHalfNum_Solution@@YAHV?$vector@HV?$allocator@H@std@@@std@@@Z)，该符号在函数 _main 中被引用
     1>D:\C语言\11-26\Debug\11-26.exe : fatal error LNK1120: 1 个无法解析的外部命令
     1>已完成生成项目“D:\C语言\11-26\11-26\11-26.vcxproj”(Build 个目标)的操作 - 失败。

生成失败。

已用时间 00:00:01.32
